at 2018-03-09 09:56:15
准备cookie中……
at 2018-03-09 09:58:01
准备cookie中……
at 2018-03-09 09:58:35
准备cookie中……
at 2018-03-09 09:58:50
准备cookie中……
{'csrftoken': 'YVOwMXPQUTvXDrQ1RYwKOmARHAhjKxfDFXEWcZirTC1ZdXneoMp778AbOsCKf8uW', 'sessionid': '1lvjcg9zxs9izzhep3xwsdbe932mvz9u'}
签到中……
<Response [200]>

at 2018-03-14 10:50:45
准备cookie中……
{'csrftoken': 'YVOwMXPQUTvXDrQ1RYwKOmARHAhjKxfDFXEWcZirTC1ZdXneoMp778AbOsCKf8uW', 'sessionid': '1lvjcg9zxs9izzhep3xwsdbe932mvz9u'}
签到中……
<Response [200]>

at 2018-03-15 09:48:10
准备cookie中……
{'csrftoken': 'YVOwMXPQUTvXDrQ1RYwKOmARHAhjKxfDFXEWcZirTC1ZdXneoMp778AbOsCKf8uW', 'sessionid': '1lvjcg9zxs9izzhep3xwsdbe932mvz9u'}
签到中……
<Response [200]>

at 2018-03-16 10:46:34
准备cookie中……
{'csrftoken': 'YVOwMXPQUTvXDrQ1RYwKOmARHAhjKxfDFXEWcZirTC1ZdXneoMp778AbOsCKf8uW', 'sessionid': '1lvjcg9zxs9izzhep3xwsdbe932mvz9u'}
签到中……
<Response [200]>

at 2018-03-19 11:52:15
准备cookie中……
{'csrftoken': 'YVOwMXPQUTvXDrQ1RYwKOmARHAhjKxfDFXEWcZirTC1ZdXneoMp778AbOsCKf8uW', 'sessionid': '1lvjcg9zxs9izzhep3xwsdbe932mvz9u'}
签到中……
<Response [200]>

at 2018-03-22 12:24:59
准备cookie中……
{'csrftoken': 'YVOwMXPQUTvXDrQ1RYwKOmARHAhjKxfDFXEWcZirTC1ZdXneoMp778AbOsCKf8uW', 'sessionid': '1lvjcg9zxs9izzhep3xwsdbe932mvz9u'}
签到中……
<Response [200]>

at 2018-03-23 09:05:24
准备cookie中……
{'csrftoken': 'YVOwMXPQUTvXDrQ1RYwKOmARHAhjKxfDFXEWcZirTC1ZdXneoMp778AbOsCKf8uW', 'sessionid': '1lvjcg9zxs9izzhep3xwsdbe932mvz9u'}
签到中……
<Response [200]>

at 2018-03-24 10:23:11
准备cookie中……
{'csrftoken': 'YVOwMXPQUTvXDrQ1RYwKOmARHAhjKxfDFXEWcZirTC1ZdXneoMp778AbOsCKf8uW', 'sessionid': '1lvjcg9zxs9izzhep3xwsdbe932mvz9u'}
签到中……
<Response [200]>

at 2018-03-25 10:23:03
准备cookie中……
{'csrftoken': 'YVOwMXPQUTvXDrQ1RYwKOmARHAhjKxfDFXEWcZirTC1ZdXneoMp778AbOsCKf8uW', 'sessionid': '1lvjcg9zxs9izzhep3xwsdbe932mvz9u'}
签到中……
<Response [200]>

at 2018-03-26 09:37:32
准备cookie中……
{'csrftoken': 'YVOwMXPQUTvXDrQ1RYwKOmARHAhjKxfDFXEWcZirTC1ZdXneoMp778AbOsCKf8uW', 'sessionid': '1lvjcg9zxs9izzhep3xwsdbe932mvz9u'}
签到中……
<Response [200]>

at 2018-03-27 09:18:56
准备cookie中……
{'csrftoken': 'YVOwMXPQUTvXDrQ1RYwKOmARHAhjKxfDFXEWcZirTC1ZdXneoMp778AbOsCKf8uW', 'sessionid': '1lvjcg9zxs9izzhep3xwsdbe932mvz9u'}
签到中……
<Response [200]>

at 2018-03-28 09:19:16
准备cookie中……
{'csrftoken': 'YVOwMXPQUTvXDrQ1RYwKOmARHAhjKxfDFXEWcZirTC1ZdXneoMp778AbOsCKf8uW', 'sessionid': '1lvjcg9zxs9izzhep3xwsdbe932mvz9u'}
签到中……
<Response [200]>

at 2018-03-29 09:00:09
准备cookie中……
{'csrftoken': 'YVOwMXPQUTvXDrQ1RYwKOmARHAhjKxfDFXEWcZirTC1ZdXneoMp778AbOsCKf8uW', 'sessionid': '1lvjcg9zxs9izzhep3xwsdbe932mvz9u'}
签到中……
<Response [200]>

at 2018-03-30 09:02:46
准备cookie中……
{'csrftoken': 'YVOwMXPQUTvXDrQ1RYwKOmARHAhjKxfDFXEWcZirTC1ZdXneoMp778AbOsCKf8uW', 'sessionid': '1lvjcg9zxs9izzhep3xwsdbe932mvz9u'}
签到中……
<Response [200]>

at 2018-03-31 20:58:03
准备cookie中……
{'csrftoken': 'YVOwMXPQUTvXDrQ1RYwKOmARHAhjKxfDFXEWcZirTC1ZdXneoMp778AbOsCKf8uW', 'sessionid': '1lvjcg9zxs9izzhep3xwsdbe932mvz9u'}
签到中……
<Response [200]>

at 2018-04-01 20:33:43
准备cookie中……
{'csrftoken': 'YVOwMXPQUTvXDrQ1RYwKOmARHAhjKxfDFXEWcZirTC1ZdXneoMp778AbOsCKf8uW', 'sessionid': '1lvjcg9zxs9izzhep3xwsdbe932mvz9u'}
签到中……
<Response [200]>

at 2018-04-02 13:29:55
准备cookie中……
{'csrftoken': 'YVOwMXPQUTvXDrQ1RYwKOmARHAhjKxfDFXEWcZirTC1ZdXneoMp778AbOsCKf8uW', 'sessionid': '1lvjcg9zxs9izzhep3xwsdbe932mvz9u'}
签到中……
<Response [200]>

at 2018-04-03 09:13:43
准备cookie中……
{'csrftoken': 'YVOwMXPQUTvXDrQ1RYwKOmARHAhjKxfDFXEWcZirTC1ZdXneoMp778AbOsCKf8uW', 'sessionid': '1lvjcg9zxs9izzhep3xwsdbe932mvz9u'}
签到中……
<Response [200]>

at 2018-04-04 09:31:06
准备cookie中……
{'csrftoken': 'YVOwMXPQUTvXDrQ1RYwKOmARHAhjKxfDFXEWcZirTC1ZdXneoMp778AbOsCKf8uW', 'sessionid': '1lvjcg9zxs9izzhep3xwsdbe932mvz9u'}
签到中……
<Response [200]>

at 2018-04-09 08:42:14
准备cookie中……
{'csrftoken': 'YVOwMXPQUTvXDrQ1RYwKOmARHAhjKxfDFXEWcZirTC1ZdXneoMp778AbOsCKf8uW', 'sessionid': '1lvjcg9zxs9izzhep3xwsdbe932mvz9u'}
签到中……
<Response [200]>

at 2018-04-10 09:23:23
准备cookie中……
{'csrftoken': 'YVOwMXPQUTvXDrQ1RYwKOmARHAhjKxfDFXEWcZirTC1ZdXneoMp778AbOsCKf8uW', 'sessionid': '1lvjcg9zxs9izzhep3xwsdbe932mvz9u'}
签到中……
<Response [200]>

at 2018-04-11 09:01:55
准备cookie中……
{'csrftoken': 'YVOwMXPQUTvXDrQ1RYwKOmARHAhjKxfDFXEWcZirTC1ZdXneoMp778AbOsCKf8uW', 'sessionid': '1lvjcg9zxs9izzhep3xwsdbe932mvz9u'}
签到中……
<Response [200]>

at 2018-04-12 09:55:46
准备cookie中……
{'csrftoken': 'YVOwMXPQUTvXDrQ1RYwKOmARHAhjKxfDFXEWcZirTC1ZdXneoMp778AbOsCKf8uW', 'sessionid': '1lvjcg9zxs9izzhep3xwsdbe932mvz9u'}
签到中……
<Response [200]>

at 2018-04-13 10:21:05
准备cookie中……
{'csrftoken': 'YVOwMXPQUTvXDrQ1RYwKOmARHAhjKxfDFXEWcZirTC1ZdXneoMp778AbOsCKf8uW', 'sessionid': '1lvjcg9zxs9izzhep3xwsdbe932mvz9u'}
签到中……
<Response [200]>

at 2018-04-14 12:26:22
准备cookie中……
{'csrftoken': 'YVOwMXPQUTvXDrQ1RYwKOmARHAhjKxfDFXEWcZirTC1ZdXneoMp778AbOsCKf8uW', 'sessionid': '1lvjcg9zxs9izzhep3xwsdbe932mvz9u'}
签到中……
<Response [200]>

at 2018-04-15 23:02:14
准备cookie中……
{'csrftoken': 'YVOwMXPQUTvXDrQ1RYwKOmARHAhjKxfDFXEWcZirTC1ZdXneoMp778AbOsCKf8uW', 'sessionid': '1lvjcg9zxs9izzhep3xwsdbe932mvz9u'}
签到中……
<Response [200]>

at 2018-04-16 06:32:55
准备cookie中……
{'csrftoken': 'YVOwMXPQUTvXDrQ1RYwKOmARHAhjKxfDFXEWcZirTC1ZdXneoMp778AbOsCKf8uW', 'sessionid': '1lvjcg9zxs9izzhep3xwsdbe932mvz9u'}
签到中……
<Response [200]>

at 2018-04-17 09:45:17
准备cookie中……
{'csrftoken': 'YVOwMXPQUTvXDrQ1RYwKOmARHAhjKxfDFXEWcZirTC1ZdXneoMp778AbOsCKf8uW', 'sessionid': '1lvjcg9zxs9izzhep3xwsdbe932mvz9u'}
签到中……
<Response [200]>

at 2018-04-18 09:42:57
准备cookie中……
{'csrftoken': 'YVOwMXPQUTvXDrQ1RYwKOmARHAhjKxfDFXEWcZirTC1ZdXneoMp778AbOsCKf8uW', 'sessionid': '1lvjcg9zxs9izzhep3xwsdbe932mvz9u'}
签到中……
<Response [200]>

at 2018-04-19 09:46:41
准备cookie中……
{'csrftoken': 'YVOwMXPQUTvXDrQ1RYwKOmARHAhjKxfDFXEWcZirTC1ZdXneoMp778AbOsCKf8uW', 'sessionid': '1lvjcg9zxs9izzhep3xwsdbe932mvz9u'}
签到中……
<Response [200]>

at 2018-04-20 09:01:32
准备cookie中……
{'csrftoken': 'YVOwMXPQUTvXDrQ1RYwKOmARHAhjKxfDFXEWcZirTC1ZdXneoMp778AbOsCKf8uW', 'sessionid': '1lvjcg9zxs9izzhep3xwsdbe932mvz9u'}
签到中……
<Response [200]>

at 2018-04-21 09:38:28
准备cookie中……
{'csrftoken': 'YVOwMXPQUTvXDrQ1RYwKOmARHAhjKxfDFXEWcZirTC1ZdXneoMp778AbOsCKf8uW', 'sessionid': '1lvjcg9zxs9izzhep3xwsdbe932mvz9u'}
签到中……
<Response [200]>

at 2018-04-22 15:04:56
准备cookie中……
{'csrftoken': 'YVOwMXPQUTvXDrQ1RYwKOmARHAhjKxfDFXEWcZirTC1ZdXneoMp778AbOsCKf8uW', 'sessionid': '1lvjcg9zxs9izzhep3xwsdbe932mvz9u'}
签到中……
<Response [200]>

at 2018-04-23 09:34:03
准备cookie中……
{'csrftoken': 'YVOwMXPQUTvXDrQ1RYwKOmARHAhjKxfDFXEWcZirTC1ZdXneoMp778AbOsCKf8uW', 'sessionid': '1lvjcg9zxs9izzhep3xwsdbe932mvz9u'}
签到中……
<Response [200]>

at 2018-04-24 09:32:06
准备cookie中……
{'csrftoken': 'YVOwMXPQUTvXDrQ1RYwKOmARHAhjKxfDFXEWcZirTC1ZdXneoMp778AbOsCKf8uW', 'sessionid': '1lvjcg9zxs9izzhep3xwsdbe932mvz9u'}
签到中……
<Response [200]>

at 2018-04-25 09:28:27
准备cookie中……
{'csrftoken': 'YVOwMXPQUTvXDrQ1RYwKOmARHAhjKxfDFXEWcZirTC1ZdXneoMp778AbOsCKf8uW', 'sessionid': '1lvjcg9zxs9izzhep3xwsdbe932mvz9u'}
签到中……
<Response [200]>

at 2018-04-26 09:38:53
准备cookie中……
{'csrftoken': 'YVOwMXPQUTvXDrQ1RYwKOmARHAhjKxfDFXEWcZirTC1ZdXneoMp778AbOsCKf8uW', 'sessionid': '1lvjcg9zxs9izzhep3xwsdbe932mvz9u'}
签到中……
<Response [200]>

at 2018-04-27 09:23:52
准备cookie中……
{'csrftoken': 'YVOwMXPQUTvXDrQ1RYwKOmARHAhjKxfDFXEWcZirTC1ZdXneoMp778AbOsCKf8uW', 'sessionid': '1lvjcg9zxs9izzhep3xwsdbe932mvz9u'}
签到中……
<Response [200]>

at 2018-04-28 14:33:28
准备cookie中……
{'csrftoken': 'YVOwMXPQUTvXDrQ1RYwKOmARHAhjKxfDFXEWcZirTC1ZdXneoMp778AbOsCKf8uW', 'sessionid': '1lvjcg9zxs9izzhep3xwsdbe932mvz9u'}
签到中……
<Response [200]>

at 2018-04-29 19:57:24
准备cookie中……
{'csrftoken': 'YVOwMXPQUTvXDrQ1RYwKOmARHAhjKxfDFXEWcZirTC1ZdXneoMp778AbOsCKf8uW', 'sessionid': '1lvjcg9zxs9izzhep3xwsdbe932mvz9u'}
签到中……
at 2018-04-29 19:58:06
准备cookie中……
{'csrftoken': 'YVOwMXPQUTvXDrQ1RYwKOmARHAhjKxfDFXEWcZirTC1ZdXneoMp778AbOsCKf8uW', 'sessionid': '1lvjcg9zxs9izzhep3xwsdbe932mvz9u'}
签到中……
at 2018-04-29 19:58:44
准备cookie中……
{'csrftoken': 'YVOwMXPQUTvXDrQ1RYwKOmARHAhjKxfDFXEWcZirTC1ZdXneoMp778AbOsCKf8uW', 'sessionid': '1lvjcg9zxs9izzhep3xwsdbe932mvz9u'}
签到中……
at 2018-05-02 09:03:01
准备cookie中……
{'csrftoken': 'YVOwMXPQUTvXDrQ1RYwKOmARHAhjKxfDFXEWcZirTC1ZdXneoMp778AbOsCKf8uW', 'sessionid': '1lvjcg9zxs9izzhep3xwsdbe932mvz9u'}
签到中……
<Response [200]>

at 2018-05-03 09:32:57
准备cookie中……
{'csrftoken': 'YVOwMXPQUTvXDrQ1RYwKOmARHAhjKxfDFXEWcZirTC1ZdXneoMp778AbOsCKf8uW', 'sessionid': '1lvjcg9zxs9izzhep3xwsdbe932mvz9u'}
签到中……
<Response [200]>

at 2018-05-04 10:11:06
准备cookie中……
{'csrftoken': 'YVOwMXPQUTvXDrQ1RYwKOmARHAhjKxfDFXEWcZirTC1ZdXneoMp778AbOsCKf8uW', 'sessionid': '1lvjcg9zxs9izzhep3xwsdbe932mvz9u'}
签到中……
<Response [200]>

at 2018-05-04 21:11:18
准备cookie中……
{'csrftoken': 'YVOwMXPQUTvXDrQ1RYwKOmARHAhjKxfDFXEWcZirTC1ZdXneoMp778AbOsCKf8uW', 'sessionid': '1lvjcg9zxs9izzhep3xwsdbe932mvz9u'}
签到中……
<Response [200]>

at 2018-05-05 13:26:02
准备cookie中……
{'csrftoken': 'YVOwMXPQUTvXDrQ1RYwKOmARHAhjKxfDFXEWcZirTC1ZdXneoMp778AbOsCKf8uW', 'sessionid': '1lvjcg9zxs9izzhep3xwsdbe932mvz9u'}
签到中……
<Response [200]>

at 2018-05-06 19:20:25
准备cookie中……
{'csrftoken': 'YVOwMXPQUTvXDrQ1RYwKOmARHAhjKxfDFXEWcZirTC1ZdXneoMp778AbOsCKf8uW', 'sessionid': '1lvjcg9zxs9izzhep3xwsdbe932mvz9u'}
签到中……
<Response [200]>

at 2018-05-07 09:32:30
准备cookie中……
{'csrftoken': 'YVOwMXPQUTvXDrQ1RYwKOmARHAhjKxfDFXEWcZirTC1ZdXneoMp778AbOsCKf8uW', 'sessionid': '1lvjcg9zxs9izzhep3xwsdbe932mvz9u'}
签到中……
<Response [200]>

at 2018-05-08 08:49:51
准备cookie中……
{'csrftoken': 'YVOwMXPQUTvXDrQ1RYwKOmARHAhjKxfDFXEWcZirTC1ZdXneoMp778AbOsCKf8uW', 'sessionid': '1lvjcg9zxs9izzhep3xwsdbe932mvz9u'}
签到中……
<Response [200]>

at 2018-05-09 11:33:02
准备cookie中……
{'csrftoken': 'YVOwMXPQUTvXDrQ1RYwKOmARHAhjKxfDFXEWcZirTC1ZdXneoMp778AbOsCKf8uW', 'sessionid': '1lvjcg9zxs9izzhep3xwsdbe932mvz9u'}
签到中……
<Response [200]>

at 2018-05-10 09:23:47
准备cookie中……
{'csrftoken': 'YVOwMXPQUTvXDrQ1RYwKOmARHAhjKxfDFXEWcZirTC1ZdXneoMp778AbOsCKf8uW', 'sessionid': '1lvjcg9zxs9izzhep3xwsdbe932mvz9u'}
签到中……
<Response [200]>

at 2018-05-11 09:00:14
准备cookie中……
{'csrftoken': 'YVOwMXPQUTvXDrQ1RYwKOmARHAhjKxfDFXEWcZirTC1ZdXneoMp778AbOsCKf8uW', 'sessionid': '1lvjcg9zxs9izzhep3xwsdbe932mvz9u'}
签到中……
at 2018-05-12 09:12:39
准备cookie中……
{'csrftoken': 'YVOwMXPQUTvXDrQ1RYwKOmARHAhjKxfDFXEWcZirTC1ZdXneoMp778AbOsCKf8uW', 'sessionid': '1lvjcg9zxs9izzhep3xwsdbe932mvz9u'}
签到中……
<Response [200]>

at 2018-05-13 08:19:22
准备cookie中……
{'csrftoken': 'YVOwMXPQUTvXDrQ1RYwKOmARHAhjKxfDFXEWcZirTC1ZdXneoMp778AbOsCKf8uW', 'sessionid': '1lvjcg9zxs9izzhep3xwsdbe932mvz9u'}
签到中……
<Response [200]>

at 2018-05-14 08:58:17
准备cookie中……
{'csrftoken': 'YVOwMXPQUTvXDrQ1RYwKOmARHAhjKxfDFXEWcZirTC1ZdXneoMp778AbOsCKf8uW', 'sessionid': '1lvjcg9zxs9izzhep3xwsdbe932mvz9u'}
签到中……
<Response [200]>

at 2018-05-15 10:51:24
准备cookie中……
{'csrftoken': 'YVOwMXPQUTvXDrQ1RYwKOmARHAhjKxfDFXEWcZirTC1ZdXneoMp778AbOsCKf8uW', 'sessionid': '1lvjcg9zxs9izzhep3xwsdbe932mvz9u'}
签到中……
<Response [200]>

at 2018-05-16 09:11:14
准备cookie中……
{'csrftoken': 'YVOwMXPQUTvXDrQ1RYwKOmARHAhjKxfDFXEWcZirTC1ZdXneoMp778AbOsCKf8uW', 'sessionid': '1lvjcg9zxs9izzhep3xwsdbe932mvz9u'}
签到中……
<Response [200]>

at 2018-05-17 10:26:08
准备cookie中……
{'csrftoken': 'YVOwMXPQUTvXDrQ1RYwKOmARHAhjKxfDFXEWcZirTC1ZdXneoMp778AbOsCKf8uW', 'sessionid': '1lvjcg9zxs9izzhep3xwsdbe932mvz9u'}
签到中……
<Response [200]>

at 2018-05-18 12:42:57
准备cookie中……
{'csrftoken': 'YVOwMXPQUTvXDrQ1RYwKOmARHAhjKxfDFXEWcZirTC1ZdXneoMp778AbOsCKf8uW', 'sessionid': '1lvjcg9zxs9izzhep3xwsdbe932mvz9u'}
签到中……
<Response [200]>

at 2018-05-19 09:41:28
准备cookie中……
{'csrftoken': 'YVOwMXPQUTvXDrQ1RYwKOmARHAhjKxfDFXEWcZirTC1ZdXneoMp778AbOsCKf8uW', 'sessionid': '1lvjcg9zxs9izzhep3xwsdbe932mvz9u'}
签到中……
<Response [200]>

at 2018-05-20 16:00:12
准备cookie中……
{'csrftoken': 'YVOwMXPQUTvXDrQ1RYwKOmARHAhjKxfDFXEWcZirTC1ZdXneoMp778AbOsCKf8uW', 'sessionid': '1lvjcg9zxs9izzhep3xwsdbe932mvz9u'}
签到中……
at 2018-05-20 16:00:38
准备cookie中……
{'csrftoken': 'YVOwMXPQUTvXDrQ1RYwKOmARHAhjKxfDFXEWcZirTC1ZdXneoMp778AbOsCKf8uW', 'sessionid': '1lvjcg9zxs9izzhep3xwsdbe932mvz9u'}
签到中……
<Response [200]>

at 2018-05-21 13:02:00
准备cookie中……
{'csrftoken': 'YVOwMXPQUTvXDrQ1RYwKOmARHAhjKxfDFXEWcZirTC1ZdXneoMp778AbOsCKf8uW', 'sessionid': '1lvjcg9zxs9izzhep3xwsdbe932mvz9u'}
签到中……
<Response [200]>

at 2018-05-22 09:33:24
准备cookie中……
{'csrftoken': 'YVOwMXPQUTvXDrQ1RYwKOmARHAhjKxfDFXEWcZirTC1ZdXneoMp778AbOsCKf8uW', 'sessionid': '1lvjcg9zxs9izzhep3xwsdbe932mvz9u'}
签到中……
<Response [200]>

at 2018-05-23 21:12:24
准备cookie中……
{'csrftoken': 'YVOwMXPQUTvXDrQ1RYwKOmARHAhjKxfDFXEWcZirTC1ZdXneoMp778AbOsCKf8uW', 'sessionid': '1lvjcg9zxs9izzhep3xwsdbe932mvz9u'}
签到中……
<Response [200]>

at 2018-05-24 09:15:12
准备cookie中……
{'csrftoken': 'YVOwMXPQUTvXDrQ1RYwKOmARHAhjKxfDFXEWcZirTC1ZdXneoMp778AbOsCKf8uW', 'sessionid': '1lvjcg9zxs9izzhep3xwsdbe932mvz9u'}
签到中……
<Response [200]>

at 2018-05-26 17:46:51
准备cookie中……
{'csrftoken': 'YVOwMXPQUTvXDrQ1RYwKOmARHAhjKxfDFXEWcZirTC1ZdXneoMp778AbOsCKf8uW', 'sessionid': '1lvjcg9zxs9izzhep3xwsdbe932mvz9u'}
签到中……
<Response [200]>

at 2018-05-27 19:05:26
准备cookie中……
{'csrftoken': 'YVOwMXPQUTvXDrQ1RYwKOmARHAhjKxfDFXEWcZirTC1ZdXneoMp778AbOsCKf8uW', 'sessionid': '1lvjcg9zxs9izzhep3xwsdbe932mvz9u'}
签到中……
<Response [200]>

at 2018-05-28 09:48:40
准备cookie中……
{'csrftoken': 'YVOwMXPQUTvXDrQ1RYwKOmARHAhjKxfDFXEWcZirTC1ZdXneoMp778AbOsCKf8uW', 'sessionid': '1lvjcg9zxs9izzhep3xwsdbe932mvz9u'}
签到中……
<Response [200]>

at 2018-05-29 09:02:06
准备cookie中……
{'csrftoken': 'YVOwMXPQUTvXDrQ1RYwKOmARHAhjKxfDFXEWcZirTC1ZdXneoMp778AbOsCKf8uW', 'sessionid': '1lvjcg9zxs9izzhep3xwsdbe932mvz9u'}
签到中……
<Response [200]>

at 2018-05-30 09:31:09
准备cookie中……
{'csrftoken': 'YVOwMXPQUTvXDrQ1RYwKOmARHAhjKxfDFXEWcZirTC1ZdXneoMp778AbOsCKf8uW', 'sessionid': '1lvjcg9zxs9izzhep3xwsdbe932mvz9u'}
签到中……
<Response [200]>

at 2018-05-31 13:40:56
准备cookie中……
{'csrftoken': 'YVOwMXPQUTvXDrQ1RYwKOmARHAhjKxfDFXEWcZirTC1ZdXneoMp778AbOsCKf8uW', 'sessionid': '1lvjcg9zxs9izzhep3xwsdbe932mvz9u'}
签到中……
<Response [200]>

at 2018-06-01 09:31:13
准备cookie中……
{'csrftoken': 'YVOwMXPQUTvXDrQ1RYwKOmARHAhjKxfDFXEWcZirTC1ZdXneoMp778AbOsCKf8uW', 'sessionid': '1lvjcg9zxs9izzhep3xwsdbe932mvz9u'}
签到中……
<Response [200]>

at 2018-06-02 13:59:27
准备cookie中……
{'csrftoken': 'YVOwMXPQUTvXDrQ1RYwKOmARHAhjKxfDFXEWcZirTC1ZdXneoMp778AbOsCKf8uW', 'sessionid': '1lvjcg9zxs9izzhep3xwsdbe932mvz9u'}
签到中……
<Response [200]>

at 2018-06-04 08:52:45
准备cookie中……
{'csrftoken': 'YVOwMXPQUTvXDrQ1RYwKOmARHAhjKxfDFXEWcZirTC1ZdXneoMp778AbOsCKf8uW', 'sessionid': '1lvjcg9zxs9izzhep3xwsdbe932mvz9u'}
签到中……
<Response [200]>

at 2018-06-05 09:45:38
准备cookie中……
{'csrftoken': 'YVOwMXPQUTvXDrQ1RYwKOmARHAhjKxfDFXEWcZirTC1ZdXneoMp778AbOsCKf8uW', 'sessionid': '1lvjcg9zxs9izzhep3xwsdbe932mvz9u'}
签到中……
<Response [200]>

at 2018-06-06 09:39:33
准备cookie中……
{'csrftoken': 'YVOwMXPQUTvXDrQ1RYwKOmARHAhjKxfDFXEWcZirTC1ZdXneoMp778AbOsCKf8uW', 'sessionid': '1lvjcg9zxs9izzhep3xwsdbe932mvz9u'}
签到中……
<Response [200]>

at 2018-06-07 09:05:59
准备cookie中……
{'csrftoken': 'YVOwMXPQUTvXDrQ1RYwKOmARHAhjKxfDFXEWcZirTC1ZdXneoMp778AbOsCKf8uW', 'sessionid': '1lvjcg9zxs9izzhep3xwsdbe932mvz9u'}
签到中……
<Response [200]>

at 2018-06-08 15:54:22
准备cookie中……
{'csrftoken': 'YVOwMXPQUTvXDrQ1RYwKOmARHAhjKxfDFXEWcZirTC1ZdXneoMp778AbOsCKf8uW', 'sessionid': '1lvjcg9zxs9izzhep3xwsdbe932mvz9u'}
签到中……
<Response [200]>

at 2018-06-09 11:34:05
准备cookie中……
{'csrftoken': 'YVOwMXPQUTvXDrQ1RYwKOmARHAhjKxfDFXEWcZirTC1ZdXneoMp778AbOsCKf8uW', 'sessionid': '1lvjcg9zxs9izzhep3xwsdbe932mvz9u'}
签到中……
at 2018-06-09 11:34:11
准备cookie中……
{'csrftoken': 'YVOwMXPQUTvXDrQ1RYwKOmARHAhjKxfDFXEWcZirTC1ZdXneoMp778AbOsCKf8uW', 'sessionid': '1lvjcg9zxs9izzhep3xwsdbe932mvz9u'}
签到中……
at 2018-06-09 11:35:14
准备cookie中……
{'csrftoken': 'YVOwMXPQUTvXDrQ1RYwKOmARHAhjKxfDFXEWcZirTC1ZdXneoMp778AbOsCKf8uW', 'sessionid': '1lvjcg9zxs9izzhep3xwsdbe932mvz9u'}
签到中……
<Response [200]>

at 2018-06-10 10:32:54
准备cookie中……
{'csrftoken': 'YVOwMXPQUTvXDrQ1RYwKOmARHAhjKxfDFXEWcZirTC1ZdXneoMp778AbOsCKf8uW', 'sessionid': '1lvjcg9zxs9izzhep3xwsdbe932mvz9u'}
签到中……
<Response [200]>

at 2018-06-11 09:33:33
准备cookie中……
{'csrftoken': 'YVOwMXPQUTvXDrQ1RYwKOmARHAhjKxfDFXEWcZirTC1ZdXneoMp778AbOsCKf8uW', 'sessionid': '1lvjcg9zxs9izzhep3xwsdbe932mvz9u'}
签到中……
at 2018-06-11 09:37:08
准备cookie中……
{'csrftoken': 'YVOwMXPQUTvXDrQ1RYwKOmARHAhjKxfDFXEWcZirTC1ZdXneoMp778AbOsCKf8uW', 'sessionid': '1lvjcg9zxs9izzhep3xwsdbe932mvz9u'}
签到中……
<Response [200]>

at 2018-06-12 13:44:03
准备cookie中……
{'csrftoken': 'YVOwMXPQUTvXDrQ1RYwKOmARHAhjKxfDFXEWcZirTC1ZdXneoMp778AbOsCKf8uW', 'sessionid': '1lvjcg9zxs9izzhep3xwsdbe932mvz9u'}
签到中……
<Response [200]>

at 2018-06-13 09:03:11
准备cookie中……
{'csrftoken': 'YVOwMXPQUTvXDrQ1RYwKOmARHAhjKxfDFXEWcZirTC1ZdXneoMp778AbOsCKf8uW', 'sessionid': '1lvjcg9zxs9izzhep3xwsdbe932mvz9u'}
签到中……
<Response [200]>

at 2018-06-14 09:47:52
准备cookie中……
{'csrftoken': 'YVOwMXPQUTvXDrQ1RYwKOmARHAhjKxfDFXEWcZirTC1ZdXneoMp778AbOsCKf8uW', 'sessionid': '1lvjcg9zxs9izzhep3xwsdbe932mvz9u'}
签到中……
<Response [200]>

at 2018-06-15 09:01:16
准备cookie中……
{'csrftoken': 'YVOwMXPQUTvXDrQ1RYwKOmARHAhjKxfDFXEWcZirTC1ZdXneoMp778AbOsCKf8uW', 'sessionid': '1lvjcg9zxs9izzhep3xwsdbe932mvz9u'}
签到中……
<Response [200]>

at 2018-06-16 17:46:56
准备cookie中……
{'csrftoken': 'YVOwMXPQUTvXDrQ1RYwKOmARHAhjKxfDFXEWcZirTC1ZdXneoMp778AbOsCKf8uW', 'sessionid': '1lvjcg9zxs9izzhep3xwsdbe932mvz9u'}
签到中……
<Response [200]>

at 2018-06-17 22:50:47
准备cookie中……
{'csrftoken': 'YVOwMXPQUTvXDrQ1RYwKOmARHAhjKxfDFXEWcZirTC1ZdXneoMp778AbOsCKf8uW', 'sessionid': '1lvjcg9zxs9izzhep3xwsdbe932mvz9u'}
签到中……
<Response [200]>

at 2018-06-18 18:03:07
准备cookie中……
{'csrftoken': 'YVOwMXPQUTvXDrQ1RYwKOmARHAhjKxfDFXEWcZirTC1ZdXneoMp778AbOsCKf8uW', 'sessionid': '1lvjcg9zxs9izzhep3xwsdbe932mvz9u'}
签到中……
<Response [200]>

at 2018-06-19 08:57:36
准备cookie中……
{'csrftoken': 'YVOwMXPQUTvXDrQ1RYwKOmARHAhjKxfDFXEWcZirTC1ZdXneoMp778AbOsCKf8uW', 'sessionid': '1lvjcg9zxs9izzhep3xwsdbe932mvz9u'}
签到中……
<Response [200]>

at 2018-06-20 10:00:10
准备cookie中……
{'csrftoken': 'YVOwMXPQUTvXDrQ1RYwKOmARHAhjKxfDFXEWcZirTC1ZdXneoMp778AbOsCKf8uW', 'sessionid': '1lvjcg9zxs9izzhep3xwsdbe932mvz9u'}
签到中……
<Response [200]>

at 2018-06-21 09:58:14
准备cookie中……
{'csrftoken': 'YVOwMXPQUTvXDrQ1RYwKOmARHAhjKxfDFXEWcZirTC1ZdXneoMp778AbOsCKf8uW', 'sessionid': '1lvjcg9zxs9izzhep3xwsdbe932mvz9u'}
签到中……
<Response [200]>

at 2018-06-22 09:17:52
准备cookie中……
{'csrftoken': 'YVOwMXPQUTvXDrQ1RYwKOmARHAhjKxfDFXEWcZirTC1ZdXneoMp778AbOsCKf8uW', 'sessionid': '1lvjcg9zxs9izzhep3xwsdbe932mvz9u'}
签到中……
<Response [200]>

at 2018-06-25 08:56:42
准备cookie中……
{'csrftoken': 'YVOwMXPQUTvXDrQ1RYwKOmARHAhjKxfDFXEWcZirTC1ZdXneoMp778AbOsCKf8uW', 'sessionid': '1lvjcg9zxs9izzhep3xwsdbe932mvz9u'}
签到中……
<Response [200]>

at 2018-06-26 09:17:51
准备cookie中……
{'csrftoken': 'YVOwMXPQUTvXDrQ1RYwKOmARHAhjKxfDFXEWcZirTC1ZdXneoMp778AbOsCKf8uW', 'sessionid': '1lvjcg9zxs9izzhep3xwsdbe932mvz9u'}
签到中……
<Response [200]>

at 2018-06-27 09:30:39
准备cookie中……
{'csrftoken': 'YVOwMXPQUTvXDrQ1RYwKOmARHAhjKxfDFXEWcZirTC1ZdXneoMp778AbOsCKf8uW', 'sessionid': '1lvjcg9zxs9izzhep3xwsdbe932mvz9u'}
签到中……
<Response [200]>

at 2018-06-28 09:43:50
准备cookie中……
{'csrftoken': 'YVOwMXPQUTvXDrQ1RYwKOmARHAhjKxfDFXEWcZirTC1ZdXneoMp778AbOsCKf8uW', 'sessionid': '1lvjcg9zxs9izzhep3xwsdbe932mvz9u'}
签到中……
<Response [200]>

at 2018-06-29 09:15:13
准备cookie中……
{'csrftoken': 'YVOwMXPQUTvXDrQ1RYwKOmARHAhjKxfDFXEWcZirTC1ZdXneoMp778AbOsCKf8uW', 'sessionid': '1lvjcg9zxs9izzhep3xwsdbe932mvz9u'}
签到中……
<Response [200]>

at 2018-06-30 09:46:13
准备cookie中……
{'csrftoken': 'YVOwMXPQUTvXDrQ1RYwKOmARHAhjKxfDFXEWcZirTC1ZdXneoMp778AbOsCKf8uW', 'sessionid': '1lvjcg9zxs9izzhep3xwsdbe932mvz9u'}
签到中……
at 2018-06-30 09:46:29
准备cookie中……
{'csrftoken': 'YVOwMXPQUTvXDrQ1RYwKOmARHAhjKxfDFXEWcZirTC1ZdXneoMp778AbOsCKf8uW', 'sessionid': '1lvjcg9zxs9izzhep3xwsdbe932mvz9u'}
签到中……
<Response [200]>

at 2018-07-02 09:54:46
准备cookie中……
{'csrftoken': 'YVOwMXPQUTvXDrQ1RYwKOmARHAhjKxfDFXEWcZirTC1ZdXneoMp778AbOsCKf8uW', 'sessionid': '1lvjcg9zxs9izzhep3xwsdbe932mvz9u'}
签到中……
<Response [200]>

at 2018-07-03 09:40:15
准备cookie中……
{'csrftoken': 'YVOwMXPQUTvXDrQ1RYwKOmARHAhjKxfDFXEWcZirTC1ZdXneoMp778AbOsCKf8uW', 'sessionid': '1lvjcg9zxs9izzhep3xwsdbe932mvz9u'}
签到中……
<Response [200]>

at 2018-07-04 09:28:35
准备cookie中……
{'csrftoken': 'YVOwMXPQUTvXDrQ1RYwKOmARHAhjKxfDFXEWcZirTC1ZdXneoMp778AbOsCKf8uW', 'sessionid': '1lvjcg9zxs9izzhep3xwsdbe932mvz9u'}
签到中……
<Response [200]>

at 2018-07-05 13:28:58
准备cookie中……
{'csrftoken': 'YVOwMXPQUTvXDrQ1RYwKOmARHAhjKxfDFXEWcZirTC1ZdXneoMp778AbOsCKf8uW', 'sessionid': '1lvjcg9zxs9izzhep3xwsdbe932mvz9u'}
签到中……
<Response [200]>

at 2018-07-06 09:31:12
准备cookie中……
{'csrftoken': 'YVOwMXPQUTvXDrQ1RYwKOmARHAhjKxfDFXEWcZirTC1ZdXneoMp778AbOsCKf8uW', 'sessionid': '1lvjcg9zxs9izzhep3xwsdbe932mvz9u'}
签到中……
<Response [200]>

at 2018-07-07 11:10:53
准备cookie中……
{'csrftoken': 'YVOwMXPQUTvXDrQ1RYwKOmARHAhjKxfDFXEWcZirTC1ZdXneoMp778AbOsCKf8uW', 'sessionid': '1lvjcg9zxs9izzhep3xwsdbe932mvz9u'}
签到中……
<Response [200]>

at 2018-07-10 09:34:56
准备cookie中……
{'csrftoken': 'YVOwMXPQUTvXDrQ1RYwKOmARHAhjKxfDFXEWcZirTC1ZdXneoMp778AbOsCKf8uW', 'sessionid': '1lvjcg9zxs9izzhep3xwsdbe932mvz9u'}
签到中……
<Response [200]>

at 2018-07-11 09:31:38
准备cookie中……
{'csrftoken': 'YVOwMXPQUTvXDrQ1RYwKOmARHAhjKxfDFXEWcZirTC1ZdXneoMp778AbOsCKf8uW', 'sessionid': '1lvjcg9zxs9izzhep3xwsdbe932mvz9u'}
签到中……
<Response [200]>

at 2018-07-11 17:25:48
准备cookie中……
{'csrftoken': 'YVOwMXPQUTvXDrQ1RYwKOmARHAhjKxfDFXEWcZirTC1ZdXneoMp778AbOsCKf8uW', 'sessionid': '1lvjcg9zxs9izzhep3xwsdbe932mvz9u'}
签到中……
<Response [200]>

at 2018-07-12 11:05:19
准备cookie中……
{'csrftoken': 'YVOwMXPQUTvXDrQ1RYwKOmARHAhjKxfDFXEWcZirTC1ZdXneoMp778AbOsCKf8uW', 'sessionid': '1lvjcg9zxs9izzhep3xwsdbe932mvz9u'}
签到中……
at 2018-07-12 11:05:37
准备cookie中……
{'csrftoken': 'YVOwMXPQUTvXDrQ1RYwKOmARHAhjKxfDFXEWcZirTC1ZdXneoMp778AbOsCKf8uW', 'sessionid': '1lvjcg9zxs9izzhep3xwsdbe932mvz9u'}
签到中……
<Response [200]>

at 2018-07-12 11:05:50
准备cookie中……
{'csrftoken': 'YVOwMXPQUTvXDrQ1RYwKOmARHAhjKxfDFXEWcZirTC1ZdXneoMp778AbOsCKf8uW', 'sessionid': '1lvjcg9zxs9izzhep3xwsdbe932mvz9u'}
签到中……
<Response [200]>

at 2018-07-13 09:02:01
准备cookie中……
{'csrftoken': 'YVOwMXPQUTvXDrQ1RYwKOmARHAhjKxfDFXEWcZirTC1ZdXneoMp778AbOsCKf8uW', 'sessionid': '1lvjcg9zxs9izzhep3xwsdbe932mvz9u'}
签到中……
<Response [200]>

at 2018-07-14 10:11:36
准备cookie中……
{'csrftoken': 'YVOwMXPQUTvXDrQ1RYwKOmARHAhjKxfDFXEWcZirTC1ZdXneoMp778AbOsCKf8uW', 'sessionid': '1lvjcg9zxs9izzhep3xwsdbe932mvz9u'}
签到中……
<Response [200]>

at 2018-07-15 10:50:16
准备cookie中……
{'csrftoken': 'YVOwMXPQUTvXDrQ1RYwKOmARHAhjKxfDFXEWcZirTC1ZdXneoMp778AbOsCKf8uW', 'sessionid': '1lvjcg9zxs9izzhep3xwsdbe932mvz9u'}
签到中……
<Response [200]>

at 2018-07-16 09:34:32
准备cookie中……
{'csrftoken': 'YVOwMXPQUTvXDrQ1RYwKOmARHAhjKxfDFXEWcZirTC1ZdXneoMp778AbOsCKf8uW', 'sessionid': '1lvjcg9zxs9izzhep3xwsdbe932mvz9u'}
签到中……
<Response [200]>

at 2018-07-17 09:38:52
准备cookie中……
{'csrftoken': 'YVOwMXPQUTvXDrQ1RYwKOmARHAhjKxfDFXEWcZirTC1ZdXneoMp778AbOsCKf8uW', 'sessionid': '1lvjcg9zxs9izzhep3xwsdbe932mvz9u'}
签到中……
<Response [200]>

